E:\PROJECT2_TRY2\PROJECT2_TRY2\DEBUG\MAIN.OBJ
E:\PROJECT2_TRY2\PROJECT2_TRY2\DEBUG\VC110.PDB
E:\PROJECT2_TRY2\DEBUG\PROJECT2_TRY2.ILK
E:\PROJECT2_TRY2\DEBUG\PROJECT2_TRY2.EXE
E:\PROJECT2_TRY2\DEBUG\PROJECT2_TRY2.PDB
E:\Project2_Try2\Project2_Try2\Debug\main.obj
E:\Project2_Try2\Project2_Try2\Debug\CL.read.1.tlog
E:\Project2_Try2\Project2_Try2\Debug\CL.write.1.tlog
E:\Project2_Try2\Project2_Try2\Debug\cl.command.1.tlog
E:\Project2_Try2\Project2_Try2\Debug\link-rc.read.1.tlog
E:\Project2_Try2\Project2_Try2\Debug\link-rc.write.1.tlog
E:\Project2_Try2\Project2_Try2\Debug\link-cvtres.read.1.tlog
E:\Project2_Try2\Project2_Try2\Debug\link-cvtres.write.1.tlog
E:\Project2_Try2\Project2_Try2\Debug\link.read.1.tlog
E:\Project2_Try2\Project2_Try2\Debug\link.write.1.tlog
E:\Project2_Try2\Project2_Try2\Debug\link.command.1.tlog
E:\Project2_Try2\Project2_Try2\Debug\link.7220-rc.read.1.tlog
E:\Project2_Try2\Project2_Try2\Debug\link.7220-rc.write.1.tlog
E:\Project2_Try2\Project2_Try2\Debug\link.7220-cvtres.read.1.tlog
E:\Project2_Try2\Project2_Try2\Debug\link.7220-cvtres.write.1.tlog
E:\Project2_Try2\Project2_Try2\Debug\link.7220.read.1.tlog
E:\Project2_Try2\Project2_Try2\Debug\link.7220.write.1.tlog
E:\Project2_Try2\Project2_Try2\Debug\link.7256-rc.read.1.tlog
E:\Project2_Try2\Project2_Try2\Debug\link.7256-rc.write.1.tlog
E:\Project2_Try2\Project2_Try2\Debug\link.7256-cvtres.read.1.tlog
E:\Project2_Try2\Project2_Try2\Debug\link.7256-cvtres.write.1.tlog
E:\Project2_Try2\Project2_Try2\Debug\link.7256.read.1.tlog
E:\Project2_Try2\Project2_Try2\Debug\link.7256.write.1.tlog
E:\Project2_Try2\Project2_Try2\Debug\link.7444-rc.read.1.tlog
E:\Project2_Try2\Project2_Try2\Debug\link.7444-rc.write.1.tlog
E:\Project2_Try2\Project2_Try2\Debug\link.7444-cvtres.read.1.tlog
E:\Project2_Try2\Project2_Try2\Debug\link.7444-cvtres.write.1.tlog
E:\Project2_Try2\Project2_Try2\Debug\link.7444.read.1.tlog
E:\Project2_Try2\Project2_Try2\Debug\link.7444.write.1.tlog
E:\Project2_Try2\Project2_Try2\Debug\vc110.idb
E:\Project2_Try2\Project2_Try2\Debug\vc110.pdb
E:\Project2_Try2\Debug\Project2_Try2.pdb
E:\Project2_Try2\Debug\Project2_Try2.exe
E:\Project2_Try2\Debug\Project2_Try2.ilk
